# CVS $Revision$ $Author$ -- Fri Oct 19 20:16:09 2012 -- reformated by prettylst.pl v1.39 (build 15052)
SOURCELONG:My Campaign	SOURCESHORT:My	SOURCEWEB:http://www.mywebsite.com	SOURCEDATE:2008-01

#insert your data here

#Every line that starts with a '#' is a comment. You may want to remove these comments, if you use this file to set up
#your own data. Remember not to put the '#' at the start of your own data, as PCGen would see it as a comment only.
#
#When Running PCGen, you can select "Help > Documentation > List Files > List File Tag Index > Equipment Modification File tags"
#to find out how the tags in the races file work. Some of the tags used here are global tags. You will see an alphabetical
#listing of all PCGen tags to the left of the documentation window. You can find the global tags there as well.
#
#
##
#####Example

#Masterwork		KEY:MWORKW	TYPE:Ammunition.Weapon	COST:0	VISIBLE:QUALIFY	ITYPE:Masterwork	NAMEOPT:NORMAL		SOURCEPAGE:RSRD Equipment	PRETYPE:1,Weapon,Ammunition	!PRETYPE:1,Masterwork,Mithral,Adamantine,Darkwood		BONUS:ITEMCOST|TYPE=Ammunition|6	BONUS:ITEMCOST|TYPE=Weapon|300	BONUS:WEAPON|TOHIT|1|TYPE=Enhancement	ASSIGNTOALL:YES
Eight-Handed	KEY:EIGHTHANDED	BONUS:WEAPON|DAMAGE|STR*3			TYPE:Weapon				COST:0	VISIBLE:NO		ITYPE:Masterwork	NAMEOPT:NORMAL		SOURCEPAGE:Savage Species 42	
Eight Handed Modification		KEY:HAND8MOD	BONUS:WEAPON|DAMAGE|STR*3			TYPE:Weapon				COST:0	VISIBLE:YES		ITYPE:Masterwork	NAMEOPT:NORMAL		SOURCEPAGE:Savage Species 42		BONUS:WEAPON|DAMAGESIZE|3		SPROP:Increaces reach by an additional 15
Seven Handed Modification		KEY:HAND7MOD	BONUS:WEAPON|DAMAGE|STR*5/2			TYPE:Weapon				COST:0	VISIBLE:YES		ITYPE:Masterwork	NAMEOPT:NORMAL		SOURCEPAGE:Savage Species 42		BONUS:WEAPON|DAMAGESIZE|2		SPROP:Increaces reach by an additional 10
Six Handed Modification			KEY:HAND6MOD	BONUS:WEAPON|DAMAGE|STR*2			TYPE:Weapon				COST:0	VISIBLE:YES		ITYPE:Masterwork	NAMEOPT:NORMAL		SOURCEPAGE:Savage Species 42		BONUS:WEAPON|DAMAGESIZE|2		SPROP:Increaces reach by an additional 10
Five Handed Modification		KEY:HAND5MOD	BONUS:WEAPON|DAMAGE|STR*3/2			TYPE:Weapon				COST:0	VISIBLE:YES		ITYPE:Masterwork	NAMEOPT:NORMAL		SOURCEPAGE:Savage Species 42		BONUS:WEAPON|DAMAGESIZE|1		SPROP:Increaces reach by an additional 5
Four Handed Modification		KEY:HAND4MOD	BONUS:WEAPON|DAMAGE|STR				TYPE:Weapon				COST:0	VISIBLE:YES		ITYPE:Masterwork	NAMEOPT:NORMAL		SOURCEPAGE:Savage Species 42		BONUS:WEAPON|DAMAGESIZE|1		SPROP:Increaces reach by an additional 5
Three Handed Modification		KEY:HAND3MOD	BONUS:WEAPON|DAMAGE|STR/2			TYPE:Weapon				COST:0	VISIBLE:YES		ITYPE:Masterwork	NAMEOPT:NORMAL		SOURCEPAGE:Savage Species 42				


Eight-Handed One-Hander Modification		KEY:HAND8MOD1H	BONUS:WEAPON|DAMAGE|STR*7/2			TYPE:Weapon				COST:0	VISIBLE:YES		ITYPE:Masterwork	NAMEOPT:NORMAL		SOURCEPAGE:Savage Species 42		BONUS:WEAPON|DAMAGESIZE|3		SPROP:Increaces reach by an additional 15
Seven Handed One-Hander Modification		KEY:HAND7MOD1H	BONUS:WEAPON|DAMAGE|STR*6/2			TYPE:Weapon				COST:0	VISIBLE:YES		ITYPE:Masterwork	NAMEOPT:NORMAL		SOURCEPAGE:Savage Species 42		BONUS:WEAPON|DAMAGESIZE|2		SPROP:Increaces reach by an additional 10
Six Handed One-Hander Modification			KEY:HAND6MOD1H	BONUS:WEAPON|DAMAGE|STR*5/2			TYPE:Weapon				COST:0	VISIBLE:YES		ITYPE:Masterwork	NAMEOPT:NORMAL		SOURCEPAGE:Savage Species 42		BONUS:WEAPON|DAMAGESIZE|2		SPROP:Increaces reach by an additional 10
Five Handed One-Hander Modification		KEY:HAND5MOD1H	BONUS:WEAPON|DAMAGE|STR*4/2			TYPE:Weapon				COST:0	VISIBLE:YES		ITYPE:Masterwork	NAMEOPT:NORMAL		SOURCEPAGE:Savage Species 42		BONUS:WEAPON|DAMAGESIZE|1		SPROP:Increaces reach by an additional 5
Four Handed One-Hander Modification		KEY:HAND4MOD1H	BONUS:WEAPON|DAMAGE|STR*3/2				TYPE:Weapon				COST:0	VISIBLE:YES		ITYPE:Masterwork	NAMEOPT:NORMAL		SOURCEPAGE:Savage Species 42		BONUS:WEAPON|DAMAGESIZE|1		SPROP:Increaces reach by an additional 5
Three Handed One-Hander Modification		KEY:HAND3MOD1H	BONUS:WEAPON|DAMAGE|STR*2/2			TYPE:Weapon				COST:0	VISIBLE:YES		ITYPE:Masterwork	NAMEOPT:NORMAL		SOURCEPAGE:Savage Species 42				
Two Handed One-Hander Modification		KEY:HAND2MOD1H	BONUS:WEAPON|DAMAGE|STR*1/2			TYPE:Weapon				COST:0	VISIBLE:YES		ITYPE:Masterwork	NAMEOPT:NORMAL		SOURCEPAGE:Savage Species 42				

Eight-Handed One-Hander Ranged Modification		KEY:HAND8MOD1HR			TYPE:Weapon				COST:0	VISIBLE:YES		ITYPE:Masterwork	NAMEOPT:NORMAL		SOURCEPAGE:Savage Species 42		BONUS:WEAPON|DAMAGESIZE|3		SPROP:Increaces reach by an additional 15
Seven Handed One-Hander Ranged Modification		KEY:HAND7MOD1HR				TYPE:Weapon				COST:0	VISIBLE:YES		ITYPE:Masterwork	NAMEOPT:NORMAL		SOURCEPAGE:Savage Species 42		BONUS:WEAPON|DAMAGESIZE|2		SPROP:Increaces reach by an additional 10
Six Handed One-Hander Ranged Modification			KEY:HAND6MOD1HR				TYPE:Weapon				COST:0	VISIBLE:YES		ITYPE:Masterwork	NAMEOPT:NORMAL		SOURCEPAGE:Savage Species 42		BONUS:WEAPON|DAMAGESIZE|2		SPROP:Increaces reach by an additional 10
Five Handed One-Hander Ranged Modification		KEY:HAND5MOD1HR				TYPE:Weapon				COST:0	VISIBLE:YES		ITYPE:Masterwork	NAMEOPT:NORMAL		SOURCEPAGE:Savage Species 42		BONUS:WEAPON|DAMAGESIZE|1		SPROP:Increaces reach by an additional 5
Four Handed One-Hander Ranged Modification		KEY:HAND4MOD1HR					TYPE:Weapon				COST:0	VISIBLE:YES		ITYPE:Masterwork	NAMEOPT:NORMAL		SOURCEPAGE:Savage Species 42		BONUS:WEAPON|DAMAGESIZE|1		SPROP:Increaces reach by an additional 5
Three Handed One-Hander Ranged Modification					TYPE:Weapon				COST:0	VISIBLE:YES		ITYPE:Masterwork	NAMEOPT:NORMAL		SOURCEPAGE:Savage Species 42				
Two Handed One-Hander Ranged Modification		KEY:HAND2MOD1HR				TYPE:Weapon				COST:0	VISIBLE:YES		ITYPE:Masterwork	NAMEOPT:NORMAL		SOURCEPAGE:Savage Species 42


Dragonbone			KEY:DRAGONBONE_BOW		TYPE:BaseMaterial.Weapon		COST:100	VISIBLE:QUALIFY	ITYPE:Wood.Ironwood			SOURCEPAGE:Draconomicon, 117		BONUS:EQMWEAPON|RANGEADD|20		SPROP:Dragonbone Bows increase their range increment by 20		

#####
#The first field in the equipmods.lst files must be the name of the modifier, after that, the tags do not need to be in any
#special order. In the Example the equipmod is named "Masterwork".
#
#The KEY tag is a unique descriptor for the modifier. It allows several modifiers to have the same name, which is useful
#if several are needed for different equipment types. KEY's must be universally unique. Make sure you don't use anything
#that's is used in any other source you load.
#
#The TYPE tag is different in equipmods than in the other files. It does not give the equipment modifier a TYPE that is used
#for selection, but holds a list of the TYPE's of equipment that the modifier can be applied to.
#
#The COST tag is normally used to hold a number or formula that is added to the item cost. In the Example this is 0, so
#nothing will be added there. This is because the Masterwork equipmod in the example is used for Ammunition and Weapons, which
#will result in different amounts to be added. The cost is instead handled in BONUS:ITEMCOST tags later in the line.
#
#The VISIBLE:QUALIFY tag is used, so this Equipment Modifier will only show up in the Item Customizer, when it is eligible
#for selection.
#
#The ITYPE tag can be used to grant further TYPEs to the item the equipment modifier gets applied to.
#
#The NAMEOPT tag is used to determine a naming convention.
#
#The SOURCEPAGE tag can be used to hold a reference to where you can find the equipment modifier. This will be displayed
#in PCGen.
#
#The PRETYPE tags are used to make the equipment modifier eligible only if the item has the TYPEs Weapon or Ammunition, but
#does not have the TYPEs Masterwork, Mithral, Adamantine, or Darkwood. There is a multitude of existing prerequiste tags in
#PCGen. If you are looking into the documentation under List File Tag Index, you can find them listed under the topic
#"PRExxx tags".
#
#The BONUS tags are a group of similar tags, that grant some form of Bonus to another already existing tag. To read a description
#of them, look in the List File Tag Index under the topic "Bonus tags".
#
#The ASSIGNTOALL tag is for double weapons only. If this tag is present then the modifiers will be applied to both heads.


Quick Loading		KEY:Firearm ~ Quick Loading	TYPE:Weapon.Ranged	PLUS:1	VISIBLE:QUALIFY			SOURCEPAGE:41	PRETYPE:3,Enhancement,Weapon,Firearm	SPROP:Reduce the time required to reload this firearm by one step (Full round to standard, standard to move, move to free)



Riverine		KEY:Riverine (Ammunition)	TYPE:BaseMaterial.MasterworkQuality.Ammunition		COST:WT*2000	VISIBLE:QUALIFY	ITYPE:Metal.Riverine.Masterwork	REPLACES:Masterwork (Weapon)	SOURCEPAGE:Stormwrack SpecialMaterials	PRETYPE:1,Metal																			SPROP:Half of the Armor Class bonus from armor and shields made from riverine is a deflection bonus (round down).  Being enclosed in magical force, it is immune to all damage and is unaffected by most spells. However, disintegrate immediately destroys an item made of riverine.  Riverrine qualifies as a Force effect.  			ASSIGNTOALL:NO
Riverine		KEY:Riverine (Armor/Light)	TYPE:BaseMaterial.MasterworkQuality.Armor			COST:9000	VISIBLE:QUALIFY	ITYPE:Metal.Riverine.Masterwork	REPLACES:Masterwork (Armor)	SOURCEPAGE:Stormwrack SpecialMaterials	PRETYPE:2,Metal,Light			BONUS:EQMARMOR|ACCHECK|1|TYPE=Enhancement								SPROP:Half of the Armor Class bonus from armor and shields made from riverine is a deflection bonus (round down).  Being enclosed in magical force, it is immune to all damage and is unaffected by most spells. However, disintegrate immediately destroys an item made of riverine.  Riverrine qualifies as a Force effect.  	ASSIGNTOALL:NO
Riverine		KEY:Riverine (Armor/Medium)	TYPE:BaseMaterial.MasterworkQuality.Armor			COST:16000	VISIBLE:QUALIFY	ITYPE:Metal.Riverine.Masterwork	REPLACES:Masterwork (Armor)	SOURCEPAGE:Stormwrack SpecialMaterials	PRETYPE:2,Metal,Medium			BONUS:EQMARMOR|ACCHECK|1|TYPE=Enhancement								SPROP:Half of the Armor Class bonus from armor and shields made from riverine is a deflection bonus (round down).  Being enclosed in magical force, it is immune to all damage and is unaffected by most spells. However, disintegrate immediately destroys an item made of riverine.  Riverrine qualifies as a Force effect.  	ASSIGNTOALL:NO
Riverine		KEY:Riverine (Armor/Heavy)	TYPE:BaseMaterial.MasterworkQuality.Armor			COST:25000	VISIBLE:QUALIFY	ITYPE:Metal.Riverine.Masterwork	REPLACES:Masterwork (Armor)	SOURCEPAGE:Stormwrack SpecialMaterials	PRETYPE:2,Metal,Heavy			BONUS:EQMARMOR|ACCHECK|1|TYPE=Enhancement								SPROP:Half of the Armor Class bonus from armor and shields made from riverine is a deflection bonus (round down).  Being enclosed in magical force, it is immune to all damage and is unaffected by most spells. However, disintegrate immediately destroys an item made of riverine.  Riverrine qualifies as a Force effect.  	ASSIGNTOALL:NO
Riverine		KEY:Riverine (Shield)		TYPE:BaseMaterial.MasterworkQuality.Shield.Bracer	COST:4000	VISIBLE:QUALIFY	ITYPE:Metal.Riverine.Masterwork	REPLACES:Masterwork (Armor)	SOURCEPAGE:Stormwrack SpecialMaterials	PRETYPE:1,Metal																			SPROP:Half of the Armor Class bonus from armor and shields made from riverine is a deflection bonus (round down).  Being enclosed in magical force, it is immune to all damage and is unaffected by most spells. However, disintegrate immediately destroys an item made of riverine.  Riverrine qualifies as a Force effect.  	ASSIGNTOALL:NO
Riverine		KEY:Riverine (Weapon)		TYPE:BaseMaterial.MasterworkQuality.Weapon		COST:WT*2000	VISIBLE:QUALIFY	ITYPE:Metal.Riverine.Masterwork	REPLACES:Masterwork (Weapon)	SOURCEPAGE:Stormwrack SpecialMaterials	PRETYPE:1,Metal												BONUS:WEAPON|TOHIT|1|TYPE=Enhancement	SPROP:Half of the Armor Class bonus from armor and shields made from riverine is a deflection bonus (round down).  Being enclosed in magical force, it is immune to all damage and is unaffected by most spells. However, disintegrate immediately destroys an item made of riverine.  Riverrine qualifies as a Force effect.  		ASSIGNTOALL:NO

Scorpion		KEY:Scorpion (Weapon)		TYPE:BaseMaterial.MasterworkQuality.Weapon		COST:4000	VISIBLE:QUALIFY	ITYPE:Metal.Masterwork	REPLACES:Masterwork (Weapon)	SOURCEPAGE:See Scoprion Kama	PRETYPE:2,Magic,Monk												SPROP:If your unarmed damage is higher than the damage if this weapon, you may used your unarmed damage.  		ASSIGNTOALL:NO




#./core/dungeon_masters_guide/dmg_equipmods.lst:|Skill Bonus (Competence)                        KEY:BNS_SKL_CMP                         TYPE:CMagicItem.Armor.Shield.Weapon.Amulet.Belt.Bracer.Cape.Glove.Headgear.Instrument.Mantle.Ring.Robe.Shirt.Eyegear.Boot.Staff.Rod   COST:(100*%CHOICE*%CHOICE)                                                                                               VISIBLE:QUALIFY ITYPE:Enhancement.Magic                 SOURCEPAGE:MagicItemsI  PREMULT:1,[PREMULT:2,[PRETYPE:1,Enhancement],[PRETYPE:1,Armor,Shield,Weapon]],[PRETYPE:1,Amulet,Belt,Bracer,Cape,Glove,Headgear,Instrument,Mantle,Ring,Robe,Shirt,Eyegear,Boot,Staff,Rod]                                                                                      BONUS:SKILL|%CHOICE|TYPE=Competence                                   SPROP:Competence bonus to selected skill of %CHOICE              CHOOSE:SKILLBONUS|MIN=1|MAX=30|TITLE=Skill Bonus


#./core/dungeon_masters_guide/dmg_equip.lst:Circlet of Persuasion                                                                                                                                                                                                              TYPE:Magic.Wondrous.Headgear                                                                                                                                                                                                     COST:4500       WT:0                          SOURCEPAGE:p.252                                                                                                                                                                                                                                                               BONUS:SKILL|STAT=CHA|3|TYPE=Competence                                                                                                                                                                                                                                         BONUS:VAR|TurnCheckBase|3|TYPE=Competence                                                                                                                                                                                                                                      SPROP:This silver headband grants a +3 competence bonus on the wearer's Charisma-based checks. Faint transmutation; CL 5th

|Strength Check Bonus (Competence)		KEY:STR_CHECK_BONUS_CMP				TYPE:MagicItem.Armor.Shield.Weapon.Amulet.Belt.Bracer.Cape.Glove.Headgear.Instrument.Mantle.Ring.Robe.Shirt.Eyegear.Boot.Staff.Rod			COST:(500*%CHOICE*%CHOICE)		VISIBLE:QUALIFY	ITYPE:Enhancement.Magic		SOURCEPAGE:MagicItemsI and Reverse Engineered from Circlet Of Persuasion		PREMULT:1,[PREMULT:2,[PRETYPE:1,Enhancement],[PRETYPE:1,Armor,Shield,Weapon]],[PRETYPE:1,Amulet,Belt,Bracer,Cape,Glove,Headgear,Instrument,Mantle,Ring,Robe,Shirt,Eyegear,Boot,Staff,Rod]		SPROP:Competence bonus Strength Checks, including Trip and Grapple Checks, but not including Attack or Damage rolls.		CHOOSE:NUMBER|MIN=1|MAX=30|TITLE=Check Bonus		BONUS:SKILL|STAT=STR|%CHOICE|TYPE=Competence			BONUS:COMBAT|TOHIT.Grapple|%CHOICE		


|Dexterity Check Bonus (Competence)		KEY:DEX_CHECK_BONUS_CMP				TYPE:MagicItem.Armor.Shield.Weapon.Amulet.Belt.Bracer.Cape.Glove.Headgear.Instrument.Mantle.Ring.Robe.Shirt.Eyegear.Boot.Staff.Rod			COST:(500*%CHOICE*%CHOICE)		VISIBLE:QUALIFY	ITYPE:Enhancement.Magic		SOURCEPAGE:MagicItemsI and Reverse Engineered from Circlet Of Persuasion		PREMULT:1,[PREMULT:2,[PRETYPE:1,Enhancement],[PRETYPE:1,Armor,Shield,Weapon]],[PRETYPE:1,Amulet,Belt,Bracer,Cape,Glove,Headgear,Instrument,Mantle,Ring,Robe,Shirt,Eyegear,Boot,Staff,Rod]		SPROP:Competence bonus Dexterity Checks.  Does not include Reflex Saves		CHOOSE:NUMBER|MIN=1|MAX=30|TITLE=Check Bonus		BONUS:SKILL|STAT=DEX|%CHOICE|TYPE=Competence			BONUS:COMBAT|TOHIT.Grapple|%CHOICE		


|Constitution Check Bonus (Competence)		KEY:CON_CHECK_BONUS_CMP				TYPE:MagicItem.Armor.Shield.Weapon.Amulet.Belt.Bracer.Cape.Glove.Headgear.Instrument.Mantle.Ring.Robe.Shirt.Eyegear.Boot.Staff.Rod			COST:(500*%CHOICE*%CHOICE)		VISIBLE:QUALIFY	ITYPE:Enhancement.Magic		SOURCEPAGE:MagicItemsI and Reverse Engineered from Circlet Of Persuasion		PREMULT:1,[PREMULT:2,[PRETYPE:1,Enhancement],[PRETYPE:1,Armor,Shield,Weapon]],[PRETYPE:1,Amulet,Belt,Bracer,Cape,Glove,Headgear,Instrument,Mantle,Ring,Robe,Shirt,Eyegear,Boot,Staff,Rod]		SPROP:Competence bonus Constitution Checks.  Does not include Fortitude Saves		CHOOSE:NUMBER|MIN=1|MAX=30|TITLE=Check Bonus		BONUS:SKILL|STAT=CON|%CHOICE|TYPE=Competence			


|Intelligence Check Bonus (Competence)		KEY:INT_CHECK_BONUS_CMP				TYPE:MagicItem.Armor.Shield.Weapon.Amulet.Belt.Bracer.Cape.Glove.Headgear.Instrument.Mantle.Ring.Robe.Shirt.Eyegear.Boot.Staff.Rod			COST:(500*%CHOICE*%CHOICE)		VISIBLE:QUALIFY	ITYPE:Enhancement.Magic		SOURCEPAGE:MagicItemsI and Reverse Engineered from Circlet Of Persuasion		PREMULT:1,[PREMULT:2,[PRETYPE:1,Enhancement],[PRETYPE:1,Armor,Shield,Weapon]],[PRETYPE:1,Amulet,Belt,Bracer,Cape,Glove,Headgear,Instrument,Mantle,Ring,Robe,Shirt,Eyegear,Boot,Staff,Rod]		SPROP:Competence bonus Intelligence Checks.		CHOOSE:NUMBER|MIN=1|MAX=30|TITLE=Check Bonus		BONUS:SKILL|STAT=INT|%CHOICE|TYPE=Competence			


|Wisdom Check Bonus (Competence)		KEY:WIS_CHECK_BONUS_CMP				TYPE:MagicItem.Armor.Shield.Weapon.Amulet.Belt.Bracer.Cape.Glove.Headgear.Instrument.Mantle.Ring.Robe.Shirt.Eyegear.Boot.Staff.Rod			COST:(500*%CHOICE*%CHOICE)		VISIBLE:QUALIFY	ITYPE:Enhancement.Magic		SOURCEPAGE:MagicItemsI and Reverse Engineered from Circlet Of Persuasion		PREMULT:1,[PREMULT:2,[PRETYPE:1,Enhancement],[PRETYPE:1,Armor,Shield,Weapon]],[PRETYPE:1,Amulet,Belt,Bracer,Cape,Glove,Headgear,Instrument,Mantle,Ring,Robe,Shirt,Eyegear,Boot,Staff,Rod]		SPROP:Competence bonus Intelligence Checks.		CHOOSE:NUMBER|MIN=1|MAX=30|TITLE=Check Bonus		BONUS:SKILL|STAT=WIS|%CHOICE|TYPE=Competence			



|Charisma Check Bonus (Competence)		KEY:CHA_CHECK_BONUS_CMP				TYPE:MagicItem.Armor.Shield.Weapon.Amulet.Belt.Bracer.Cape.Glove.Headgear.Instrument.Mantle.Ring.Robe.Shirt.Eyegear.Boot.Staff.Rod			COST:(500*%CHOICE*%CHOICE)		VISIBLE:QUALIFY	ITYPE:Enhancement.Magic		SOURCEPAGE:MagicItemsI and Reverse Engineered from Circlet Of Persuasion		PREMULT:1,[PREMULT:2,[PRETYPE:1,Enhancement],[PRETYPE:1,Armor,Shield,Weapon]],[PRETYPE:1,Amulet,Belt,Bracer,Cape,Glove,Headgear,Instrument,Mantle,Ring,Robe,Shirt,Eyegear,Boot,Staff,Rod]		SPROP:Competence bonus Intelligence Checks.		CHOOSE:NUMBER|MIN=1|MAX=30|TITLE=Check Bonus		BONUS:SKILL|STAT=CHA|%CHOICE|TYPE=Competence	BONUS:VAR|TurnCheckBase|3|TYPE=Competence		


